<?xml version="1.0" encoding="UTF-8"?>
<!-- Generated by org.testng.reporters.JUnitReportReporter -->
<testsuite skipped="0" hostname="LAPTOP-20464U94" name="testcases.reg_testcase1" tests="2" failures="0" timestamp="20 Feb 2019 22:54:28 GMT" time="4.336" errors="0">
  <testcase name="validateHomePageTitle" time="1.023" classname="testcases.reg_testcase1"/>
  <testcase name="login" time="3.313" classname="testcases.reg_testcase1"/>
</testsuite> <!-- testcases.reg_testcase1 -->
