<?xml version="1.0" encoding="UTF-8"?>
<!-- Generated by org.testng.reporters.JUnitReportReporter -->
<testsuite skipped="0" hostname="LAPTOP-20464U94" name="testcases.TestNGDemo" tests="1" failures="0" timestamp="21 Mar 2019 17:18:24 GMT" time="10.122" errors="0">
  <testcase name="login" time="10.122" classname="testcases.TestNGDemo"/>
</testsuite> <!-- testcases.TestNGDemo -->
