<?xml version="1.0" encoding="UTF-8"?>
<!-- Generated by org.testng.reporters.JUnitReportReporter -->
<testsuite skipped="0" hostname="LAPTOP-20464U94" name="testcases.reg_testcase1" tests="2" failures="0" timestamp="21 Mar 2019 21:19:59 GMT" time="9.305" errors="0">
  <testcase name="validateHomePageTitle" time="2.061" classname="testcases.reg_testcase1"/>
  <testcase name="login" time="7.244" classname="testcases.reg_testcase1"/>
</testsuite> <!-- testcases.reg_testcase1 -->
