<?xml version="1.0" encoding="UTF-8"?>
<!-- Generated by org.testng.reporters.JUnitReportReporter -->
<testsuite skipped="0" hostname="LAPTOP-20464U94" name="testcases.sanity_testcase2" tests="2" failures="0" timestamp="21 Mar 2019 21:40:14 GMT" time="5.526" errors="0">
  <testcase name="validateHomePageTitle" time="1.328" classname="testcases.sanity_testcase2"/>
  <testcase name="login" time="4.198" classname="testcases.sanity_testcase2"/>
</testsuite> <!-- testcases.sanity_testcase2 -->
