<?xml version="1.0" encoding="UTF-8"?>
<!-- Generated by org.testng.reporters.JUnitReportReporter -->
<testsuite skipped="0" hostname="LAPTOP-20464U94" name="testcases.sanity_testcase1" tests="2" failures="0" timestamp="21 Mar 2019 21:40:14 GMT" time="4.309" errors="0">
  <testcase name="validateHomePageTitle" time="1.347" classname="testcases.sanity_testcase1"/>
  <testcase name="login" time="2.962" classname="testcases.sanity_testcase1"/>
</testsuite> <!-- testcases.sanity_testcase1 -->
